<component name="libraryTable">
  <library name="junit-platform-console-standalone-1.6.2">
    <CLASSES>
      <root url="jar://$USER_HOME$/Documents/Dependencies/junit-platform-console-standalone-1.6.2.jar!/" />
      <root url="jar://$USER_HOME$/Documents/Dependencies/icu4j-4.8.jar!/" />
      <root url="jar://$USER_HOME$/Documents/Dependencies/lombok.jar!/" />
      <root url="jar://$USER_HOME$/Documents/Dependencies/junitparams-1.0.2.jar!/" />
    </CLASSES>
    <JAVADOC />
    <SOURCES />
  </library>
</component>