<component name="libraryTable">
  <library name="junit-platform-console-standalone-1.6.2">
    <CLASSES>
      <root url="jar://$PROJECT_DIR$/../../Dependencies/junit-platform-console-standalone-1.6.2.jar!/" />
      <root url="jar://$PROJECT_DIR$/../../Dependencies/icu4j-4.8.jar!/" />
      <root url="jar://$PROJECT_DIR$/../../Dependencies/lombok.jar!/" />
      <root url="jar://$PROJECT_DIR$/../../Dependencies/junitparams-1.0.2.jar!/" />
      <root url="jar://$USER_HOME$/Desktop/junit-4.13.jar!/" />
      <root url="jar://$USER_HOME$/Desktop/icu4j-67.1.jar!/" />
      <root url="jar://$USER_HOME$/Desktop/hamcrest-core-1.3.jar!/" />
      <root url="jar://$USER_HOME$/Desktop/lombok.jar!/" />
      <root url="jar://$USER_HOME$/Desktop/junit-platform-runner-1.6.2.jar!/" />
    </CLASSES>
    <JAVADOC />
    <SOURCES />
  </library>
</component>